<?xml version="1.0" encoding="UTF-8"?>
<coverage generated="1582162867154" clover="3.2.0">
  <project timestamp="1582162867154" name="All files">
    <metrics statements="66" coveredstatements="65" conditionals="12" coveredconditionals="11" methods="22" coveredmethods="22" elements="100" coveredelements="98" complexity="0" loc="66" ncloc="66" packages="1" files="4" classes="4"/>
    <file name="index.js" path="/home/laboratoria/Proyecto nuevo/LIM011-fe-md-links/src/index.js">
      <metrics statements="35" coveredstatements="35" conditionals="2" coveredconditionals="2" methods="11" coveredmethods="11"/>
      <line num="3" count="3" type="stmt"/>
      <line num="4" count="3" type="stmt"/>
      <line num="5" count="3" type="stmt"/>
      <line num="8" count="3" type="stmt"/>
      <line num="10" count="3" type="stmt"/>
      <line num="12" count="3" type="stmt"/>
      <line num="13" count="13" type="stmt"/>
      <line num="14" count="13" type="stmt"/>
      <line num="15" count="13" type="stmt"/>
      <line num="19" count="3" type="stmt"/>
      <line num="20" count="11" type="stmt"/>
      <line num="21" count="11" type="cond" truecount="2" falsecount="0"/>
      <line num="22" count="9" type="stmt"/>
      <line num="24" count="2" type="stmt"/>
      <line num="25" count="2" type="stmt"/>
      <line num="26" count="5" type="stmt"/>
      <line num="27" count="5" type="stmt"/>
      <line num="30" count="11" type="stmt"/>
      <line num="34" count="3" type="stmt"/>
      <line num="35" count="8" type="stmt"/>
      <line num="36" count="5" type="stmt"/>
      <line num="40" count="3" type="stmt"/>
      <line num="41" count="5" type="stmt"/>
      <line num="42" count="5" type="stmt"/>
      <line num="48" count="3" type="stmt"/>
      <line num="49" count="4" type="stmt"/>
      <line num="50" count="4" type="stmt"/>
      <line num="51" count="4" type="stmt"/>
      <line num="52" count="4" type="stmt"/>
      <line num="54" count="4" type="stmt"/>
      <line num="55" count="4" type="stmt"/>
      <line num="56" count="12" type="stmt"/>
      <line num="62" count="4" type="stmt"/>
      <line num="66" count="4" type="stmt"/>
      <line num="71" count="3" type="stmt"/>
    </file>
    <file name="mdLinks.js" path="/home/laboratoria/Proyecto nuevo/LIM011-fe-md-links/src/mdLinks.js">
      <metrics statements="13" coveredstatements="13" conditionals="6" coveredconditionals="6" methods="3" coveredmethods="3"/>
      <line num="1" count="1" type="stmt"/>
      <line num="2" count="1" type="stmt"/>
      <line num="3" count="1" type="stmt"/>
      <line num="4" count="1" type="stmt"/>
      <line num="6" count="4" type="stmt"/>
      <line num="7" count="4" type="cond" truecount="2" falsecount="0"/>
      <line num="8" count="2" type="cond" truecount="2" falsecount="0"/>
      <line num="9" count="1" type="stmt"/>
      <line num="10" count="2" type="cond" truecount="2" falsecount="0"/>
      <line num="11" count="1" type="stmt"/>
      <line num="14" count="2" type="stmt"/>
      <line num="18" count="1" type="stmt"/>
      <line num="23" count="1" type="stmt"/>
    </file>
    <file name="stats.js" path="/home/laboratoria/Proyecto nuevo/LIM011-fe-md-links/src/stats.js">
      <metrics statements="7" coveredstatements="7" conditionals="0" coveredconditionals="0" methods="4" coveredmethods="4"/>
      <line num="2" count="1" type="stmt"/>
      <line num="3" count="5" type="stmt"/>
      <line num="4" count="1" type="stmt"/>
      <line num="11" count="1" type="stmt"/>
      <line num="12" count="5" type="stmt"/>
      <line num="13" count="1" type="stmt"/>
      <line num="16" count="1" type="stmt"/>
    </file>
    <file name="validateLinks.js" path="/home/laboratoria/Proyecto nuevo/LIM011-fe-md-links/src/validateLinks.js">
      <metrics statements="11" coveredstatements="10" conditionals="4" coveredconditionals="3" methods="4" coveredmethods="4"/>
      <line num="1" count="2" type="stmt"/>
      <line num="2" count="2" type="stmt"/>
      <line num="6" count="2" type="stmt"/>
      <line num="7" count="2" type="stmt"/>
      <line num="9" count="6" type="stmt"/>
      <line num="12" count="4" type="cond" truecount="3" falsecount="1"/>
      <line num="13" count="4" type="stmt"/>
      <line num="20" count="0" type="stmt"/>
      <line num="26" count="2" type="stmt"/>
      <line num="31" count="2" type="stmt"/>
      <line num="37" count="2" type="stmt"/>
    </file>
  </project>
</coverage>
