{"/home/laboratoria/Proyecto nuevo/LIM011-fe-md-links/src/index.js": {"path":"/home/laboratoria/Proyecto nuevo/LIM011-fe-md-links/src/index.js","statementMap":{"0":{"start":{"line":3,"column":13},"end":{"line":3,"column":28}},"1":{"start":{"line":4,"column":11},"end":{"line":4,"column":24}},"2":{"start":{"line":5,"column":15},"end":{"line":5,"column":32}},"3":{"start":{"line":8,"column":21},"end":{"line":8,"column":54}},"4":{"start":{"line":8,"column":32},"end":{"line":8,"column":54}},"5":{"start":{"line":10,"column":26},"end":{"line":10,"column":56}},"6":{"start":{"line":10,"column":37},"end":{"line":10,"column":56}},"7":{"start":{"line":12,"column":21},"end":{"line":16,"column":1}},"8":{"start":{"line":13,"column":15},"end":{"line":13,"column":34}},"9":{"start":{"line":14,"column":18},"end":{"line":14,"column":31}},"10":{"start":{"line":15,"column":2},"end":{"line":15,"column":17}},"11":{"start":{"line":19,"column":22},"end":{"line":31,"column":1}},"12":{"start":{"line":20,"column":20},"end":{"line":20,"column":22}},"13":{"start":{"line":21,"column":2},"end":{"line":29,"column":3}},"14":{"start":{"line":22,"column":4},"end":{"line":22,"column":28}},"15":{"start":{"line":24,"column":18},"end":{"line":24,"column":39}},"16":{"start":{"line":25,"column":4},"end":{"line":28,"column":7}},"17":{"start":{"line":26,"column":29},"end":{"line":26,"column":51}},"18":{"start":{"line":27,"column":6},"end":{"line":27,"column":70}},"19":{"start":{"line":30,"column":2},"end":{"line":30,"column":21}},"20":{"start":{"line":34,"column":17},"end":{"line":37,"column":1}},"21":{"start":{"line":35,"column":26},"end":{"line":35,"column":101}},"22":{"start":{"line":35,"column":68},"end":{"line":35,"column":99}},"23":{"start":{"line":36,"column":2},"end":{"line":36,"column":25}},"24":{"start":{"line":40,"column":20},"end":{"line":43,"column":1}},"25":{"start":{"line":41,"column":28},"end":{"line":41,"column":58}},"26":{"start":{"line":42,"column":2},"end":{"line":42,"column":27}},"27":{"start":{"line":48,"column":21},"end":{"line":67,"column":1}},"28":{"start":{"line":49,"column":24},"end":{"line":49,"column":44}},"29":{"start":{"line":50,"column":23},"end":{"line":50,"column":25}},"30":{"start":{"line":51,"column":17},"end":{"line":51,"column":38}},"31":{"start":{"line":52,"column":2},"end":{"line":65,"column":5}},"32":{"start":{"line":54,"column":17},"end":{"line":54,"column":35}},"33":{"start":{"line":55,"column":4},"end":{"line":61,"column":6}},"34":{"start":{"line":56,"column":6},"end":{"line":60,"column":9}},"35":{"start":{"line":62,"column":4},"end":{"line":64,"column":7}},"36":{"start":{"line":66,"column":2},"end":{"line":66,"column":22}},"37":{"start":{"line":71,"column":0},"end":{"line":79,"column":2}}},"fnMap":{"0":{"name":"(anonymous_0)","decl":{"start":{"line":8,"column":21},"end":{"line":8,"column":22}},"loc":{"start":{"line":8,"column":32},"end":{"line":8,"column":54}},"line":8},"1":{"name":"(anonymous_1)","decl":{"start":{"line":10,"column":26},"end":{"line":10,"column":27}},"loc":{"start":{"line":10,"column":37},"end":{"line":10,"column":56}},"line":10},"2":{"name":"(anonymous_2)","decl":{"start":{"line":12,"column":21},"end":{"line":12,"column":22}},"loc":{"start":{"line":12,"column":32},"end":{"line":16,"column":1}},"line":12},"3":{"name":"(anonymous_3)","decl":{"start":{"line":19,"column":22},"end":{"line":19,"column":23}},"loc":{"start":{"line":19,"column":33},"end":{"line":31,"column":1}},"line":19},"4":{"name":"(anonymous_4)","decl":{"start":{"line":25,"column":18},"end":{"line":25,"column":19}},"loc":{"start":{"line":25,"column":28},"end":{"line":28,"column":5}},"line":25},"5":{"name":"(anonymous_5)","decl":{"start":{"line":34,"column":17},"end":{"line":34,"column":18}},"loc":{"start":{"line":34,"column":28},"end":{"line":37,"column":1}},"line":34},"6":{"name":"(anonymous_6)","decl":{"start":{"line":35,"column":54},"end":{"line":35,"column":55}},"loc":{"start":{"line":35,"column":68},"end":{"line":35,"column":99}},"line":35},"7":{"name":"(anonymous_7)","decl":{"start":{"line":40,"column":20},"end":{"line":40,"column":21}},"loc":{"start":{"line":40,"column":31},"end":{"line":43,"column":1}},"line":40},"8":{"name":"(anonymous_8)","decl":{"start":{"line":48,"column":21},"end":{"line":48,"column":22}},"loc":{"start":{"line":48,"column":37},"end":{"line":67,"column":1}},"line":48},"9":{"name":"(anonymous_9)","decl":{"start":{"line":52,"column":24},"end":{"line":52,"column":25}},"loc":{"start":{"line":52,"column":35},"end":{"line":65,"column":3}},"line":52},"10":{"name":"(anonymous_10)","decl":{"start":{"line":55,"column":18},"end":{"line":55,"column":19}},"loc":{"start":{"line":55,"column":53},"end":{"line":61,"column":5}},"line":55}},"branchMap":{"0":{"loc":{"start":{"line":21,"column":2},"end":{"line":29,"column":3}},"type":"if","locations":[{"start":{"line":21,"column":2},"end":{"line":29,"column":3}},{"start":{"line":21,"column":2},"end":{"line":29,"column":3}}],"line":21}},"s":{"0":3,"1":3,"2":3,"3":3,"4":2,"5":3,"6":1,"7":3,"8":13,"9":13,"10":13,"11":3,"12":11,"13":11,"14":9,"15":2,"16":2,"17":5,"18":5,"19":11,"20":3,"21":5,"22":8,"23":5,"24":3,"25":5,"26":5,"27":3,"28":4,"29":4,"30":4,"31":4,"32":4,"33":4,"34":12,"35":4,"36":4,"37":3},"f":{"0":2,"1":1,"2":13,"3":11,"4":5,"5":5,"6":8,"7":5,"8":4,"9":4,"10":12},"b":{"0":[9,2]},"_coverageSchema":"1a1c01bbd47fc00a2c39e90264f33305004495a9","hash":"1b4a18d70e554ce8e1e4db4252f1d9adb8152dc8"}
,"/home/laboratoria/Proyecto nuevo/LIM011-fe-md-links/src/mdLinks.js": {"path":"/home/laboratoria/Proyecto nuevo/LIM011-fe-md-links/src/mdLinks.js","statementMap":{"0":{"start":{"line":1,"column":11},"end":{"line":1,"column":24}},"1":{"start":{"line":2,"column":13},"end":{"line":2,"column":28}},"2":{"start":{"line":3,"column":18},"end":{"line":3,"column":39}},"3":{"start":{"line":4,"column":25},"end":{"line":4,"column":59}},"4":{"start":{"line":6,"column":16},"end":{"line":16,"column":2}},"5":{"start":{"line":6,"column":36},"end":{"line":16,"column":2}},"6":{"start":{"line":7,"column":2},"end":{"line":15,"column":3}},"7":{"start":{"line":8,"column":4},"end":{"line":10,"column":5}},"8":{"start":{"line":9,"column":6},"end":{"line":9,"column":52}},"9":{"start":{"line":10,"column":6},"end":{"line":12,"column":5}},"10":{"start":{"line":11,"column":6},"end":{"line":11,"column":45}},"11":{"start":{"line":14,"column":4},"end":{"line":14,"column":73}},"12":{"start":{"line":23,"column":0},"end":{"line":23,"column":29}}},"fnMap":{"0":{"name":"(anonymous_0)","decl":{"start":{"line":6,"column":16},"end":{"line":6,"column":17}},"loc":{"start":{"line":6,"column":36},"end":{"line":16,"column":2}},"line":6},"1":{"name":"(anonymous_1)","decl":{"start":{"line":6,"column":48},"end":{"line":6,"column":49}},"loc":{"start":{"line":6,"column":69},"end":{"line":16,"column":1}},"line":6}},"branchMap":{"0":{"loc":{"start":{"line":7,"column":2},"end":{"line":15,"column":3}},"type":"if","locations":[{"start":{"line":7,"column":2},"end":{"line":15,"column":3}},{"start":{"line":7,"column":2},"end":{"line":15,"column":3}}],"line":7},"1":{"loc":{"start":{"line":8,"column":4},"end":{"line":10,"column":5}},"type":"if","locations":[{"start":{"line":8,"column":4},"end":{"line":10,"column":5}},{"start":{"line":8,"column":4},"end":{"line":10,"column":5}}],"line":8},"2":{"loc":{"start":{"line":10,"column":6},"end":{"line":12,"column":5}},"type":"if","locations":[{"start":{"line":10,"column":6},"end":{"line":12,"column":5}},{"start":{"line":10,"column":6},"end":{"line":12,"column":5}}],"line":10}},"s":{"0":1,"1":1,"2":1,"3":1,"4":1,"5":3,"6":3,"7":2,"8":1,"9":2,"10":1,"11":1,"12":1},"f":{"0":3,"1":3},"b":{"0":[2,1],"1":[1,1],"2":[1,1]},"_coverageSchema":"1a1c01bbd47fc00a2c39e90264f33305004495a9","hash":"45d8f3fe7ab3317449a8e6bde187f99e8317b91d"}
,"/home/laboratoria/Proyecto nuevo/LIM011-fe-md-links/src/stats.js": {"path":"/home/laboratoria/Proyecto nuevo/LIM011-fe-md-links/src/stats.js","statementMap":{"0":{"start":{"line":2,"column":21},"end":{"line":5,"column":1}},"1":{"start":{"line":3,"column":27},"end":{"line":3,"column":73}},"2":{"start":{"line":3,"column":62},"end":{"line":3,"column":71}},"3":{"start":{"line":4,"column":2},"end":{"line":4,"column":31}},"4":{"start":{"line":11,"column":20},"end":{"line":14,"column":1}},"5":{"start":{"line":12,"column":27},"end":{"line":12,"column":91}},"6":{"start":{"line":12,"column":57},"end":{"line":12,"column":83}},"7":{"start":{"line":13,"column":2},"end":{"line":13,"column":26}},"8":{"start":{"line":16,"column":0},"end":{"line":19,"column":2}}},"fnMap":{"0":{"name":"(anonymous_0)","decl":{"start":{"line":2,"column":21},"end":{"line":2,"column":22}},"loc":{"start":{"line":2,"column":39},"end":{"line":5,"column":1}},"line":2},"1":{"name":"(anonymous_1)","decl":{"start":{"line":3,"column":52},"end":{"line":3,"column":53}},"loc":{"start":{"line":3,"column":62},"end":{"line":3,"column":71}},"line":3},"2":{"name":"(anonymous_2)","decl":{"start":{"line":11,"column":20},"end":{"line":11,"column":21}},"loc":{"start":{"line":11,"column":38},"end":{"line":14,"column":1}},"line":11},"3":{"name":"(anonymous_3)","decl":{"start":{"line":12,"column":47},"end":{"line":12,"column":48}},"loc":{"start":{"line":12,"column":57},"end":{"line":12,"column":83}},"line":12}},"branchMap":{},"s":{"0":1,"1":1,"2":5,"3":1,"4":1,"5":1,"6":5,"7":1,"8":1},"f":{"0":1,"1":5,"2":1,"3":5},"b":{},"_coverageSchema":"1a1c01bbd47fc00a2c39e90264f33305004495a9","hash":"649b2bc4c4b5b061310f64b3f15156f0e6127207"}
,"/home/laboratoria/Proyecto nuevo/LIM011-fe-md-links/src/validateLinks.js": {"path":"/home/laboratoria/Proyecto nuevo/LIM011-fe-md-links/src/validateLinks.js","statementMap":{"0":{"start":{"line":1,"column":14},"end":{"line":1,"column":35}},"1":{"start":{"line":2,"column":15},"end":{"line":2,"column":36}},"2":{"start":{"line":6,"column":21},"end":{"line":32,"column":1}},"3":{"start":{"line":7,"column":23},"end":{"line":7,"column":49}},"4":{"start":{"line":9,"column":24},"end":{"line":30,"column":8}},"5":{"start":{"line":9,"column":51},"end":{"line":30,"column":7}},"6":{"start":{"line":12,"column":6},"end":{"line":18,"column":7}},"7":{"start":{"line":13,"column":8},"end":{"line":17,"column":10}},"8":{"start":{"line":20,"column":6},"end":{"line":24,"column":8}},"9":{"start":{"line":26,"column":18},"end":{"line":30,"column":5}},"10":{"start":{"line":31,"column":2},"end":{"line":31,"column":36}},"11":{"start":{"line":37,"column":0},"end":{"line":39,"column":2}}},"fnMap":{"0":{"name":"(anonymous_0)","decl":{"start":{"line":6,"column":21},"end":{"line":6,"column":22}},"loc":{"start":{"line":6,"column":32},"end":{"line":32,"column":1}},"line":6},"1":{"name":"(anonymous_1)","decl":{"start":{"line":9,"column":41},"end":{"line":9,"column":42}},"loc":{"start":{"line":9,"column":51},"end":{"line":30,"column":7}},"line":9},"2":{"name":"(anonymous_2)","decl":{"start":{"line":10,"column":10},"end":{"line":10,"column":11}},"loc":{"start":{"line":10,"column":24},"end":{"line":25,"column":5}},"line":10},"3":{"name":"(anonymous_3)","decl":{"start":{"line":26,"column":11},"end":{"line":26,"column":12}},"loc":{"start":{"line":26,"column":18},"end":{"line":30,"column":5}},"line":26}},"branchMap":{"0":{"loc":{"start":{"line":12,"column":6},"end":{"line":18,"column":7}},"type":"if","locations":[{"start":{"line":12,"column":6},"end":{"line":18,"column":7}},{"start":{"line":12,"column":6},"end":{"line":18,"column":7}}],"line":12},"1":{"loc":{"start":{"line":12,"column":10},"end":{"line":12,"column":57}},"type":"binary-expr","locations":[{"start":{"line":12,"column":10},"end":{"line":12,"column":32}},{"start":{"line":12,"column":36},"end":{"line":12,"column":57}}],"line":12}},"s":{"0":2,"1":2,"2":2,"3":2,"4":2,"5":6,"6":4,"7":4,"8":0,"9":2,"10":2,"11":2},"f":{"0":2,"1":6,"2":4,"3":2},"b":{"0":[4,0],"1":[4,4]},"_coverageSchema":"1a1c01bbd47fc00a2c39e90264f33305004495a9","hash":"f7d0469ff82751cc0c61db399ff40e669e4a52f6"}
}
