{"/home/laboratoria/Proyecto nuevo/LIM011-fe-md-links/src/cliMdLinks.js": {"path":"/home/laboratoria/Proyecto nuevo/LIM011-fe-md-links/src/cliMdLinks.js","statementMap":{"0":{"start":{"line":1,"column":13},"end":{"line":1,"column":28}},"1":{"start":{"line":2,"column":24},"end":{"line":2,"column":47}},"2":{"start":{"line":3,"column":23},"end":{"line":3,"column":44}},"3":{"start":{"line":9,"column":19},"end":{"line":34,"column":2}},"4":{"start":{"line":9,"column":36},"end":{"line":34,"column":2}},"5":{"start":{"line":11,"column":2},"end":{"line":13,"column":24}},"6":{"start":{"line":12,"column":4},"end":{"line":12,"column":48}},"7":{"start":{"line":13,"column":9},"end":{"line":13,"column":24}},"8":{"start":{"line":15,"column":2},"end":{"line":15,"column":63}},"9":{"start":{"line":15,"column":38},"end":{"line":15,"column":63}},"10":{"start":{"line":16,"column":2},"end":{"line":16,"column":57}},"11":{"start":{"line":16,"column":35},"end":{"line":16,"column":57}},"12":{"start":{"line":17,"column":2},"end":{"line":33,"column":7}},"13":{"start":{"line":19,"column":6},"end":{"line":30,"column":7}},"14":{"start":{"line":20,"column":8},"end":{"line":20,"column":61}},"15":{"start":{"line":21,"column":13},"end":{"line":30,"column":7}},"16":{"start":{"line":22,"column":8},"end":{"line":22,"column":60}},"17":{"start":{"line":23,"column":13},"end":{"line":30,"column":7}},"18":{"start":{"line":24,"column":8},"end":{"line":24,"column":51}},"19":{"start":{"line":25,"column":13},"end":{"line":30,"column":7}},"20":{"start":{"line":26,"column":8},"end":{"line":26,"column":54}},"21":{"start":{"line":28,"column":28},"end":{"line":28,"column":119}},"22":{"start":{"line":28,"column":48},"end":{"line":28,"column":118}},"23":{"start":{"line":29,"column":8},"end":{"line":29,"column":40}},"24":{"start":{"line":32,"column":6},"end":{"line":32,"column":18}},"25":{"start":{"line":36,"column":0},"end":{"line":36,"column":32}}},"fnMap":{"0":{"name":"(anonymous_0)","decl":{"start":{"line":9,"column":19},"end":{"line":9,"column":20}},"loc":{"start":{"line":9,"column":36},"end":{"line":34,"column":2}},"line":9},"1":{"name":"(anonymous_1)","decl":{"start":{"line":9,"column":48},"end":{"line":9,"column":49}},"loc":{"start":{"line":9,"column":69},"end":{"line":34,"column":1}},"line":9},"2":{"name":"(anonymous_2)","decl":{"start":{"line":18,"column":10},"end":{"line":18,"column":11}},"loc":{"start":{"line":18,"column":21},"end":{"line":31,"column":5}},"line":18},"3":{"name":"(anonymous_3)","decl":{"start":{"line":28,"column":38},"end":{"line":28,"column":39}},"loc":{"start":{"line":28,"column":48},"end":{"line":28,"column":118}},"line":28},"4":{"name":"(anonymous_4)","decl":{"start":{"line":31,"column":13},"end":{"line":31,"column":14}},"loc":{"start":{"line":31,"column":22},"end":{"line":33,"column":5}},"line":31}},"branchMap":{"0":{"loc":{"start":{"line":11,"column":2},"end":{"line":13,"column":24}},"type":"if","locations":[{"start":{"line":11,"column":2},"end":{"line":13,"column":24}},{"start":{"line":11,"column":2},"end":{"line":13,"column":24}}],"line":11},"1":{"loc":{"start":{"line":15,"column":2},"end":{"line":15,"column":63}},"type":"if","locations":[{"start":{"line":15,"column":2},"end":{"line":15,"column":63}},{"start":{"line":15,"column":2},"end":{"line":15,"column":63}}],"line":15},"2":{"loc":{"start":{"line":16,"column":2},"end":{"line":16,"column":57}},"type":"if","locations":[{"start":{"line":16,"column":2},"end":{"line":16,"column":57}},{"start":{"line":16,"column":2},"end":{"line":16,"column":57}}],"line":16},"3":{"loc":{"start":{"line":19,"column":6},"end":{"line":30,"column":7}},"type":"if","locations":[{"start":{"line":19,"column":6},"end":{"line":30,"column":7}},{"start":{"line":19,"column":6},"end":{"line":30,"column":7}}],"line":19},"4":{"loc":{"start":{"line":21,"column":13},"end":{"line":30,"column":7}},"type":"if","locations":[{"start":{"line":21,"column":13},"end":{"line":30,"column":7}},{"start":{"line":21,"column":13},"end":{"line":30,"column":7}}],"line":21},"5":{"loc":{"start":{"line":21,"column":17},"end":{"line":21,"column":61}},"type":"binary-expr","locations":[{"start":{"line":21,"column":17},"end":{"line":21,"column":24}},{"start":{"line":21,"column":28},"end":{"line":21,"column":41}},{"start":{"line":21,"column":45},"end":{"line":21,"column":61}}],"line":21},"6":{"loc":{"start":{"line":23,"column":13},"end":{"line":30,"column":7}},"type":"if","locations":[{"start":{"line":23,"column":13},"end":{"line":30,"column":7}},{"start":{"line":23,"column":13},"end":{"line":30,"column":7}}],"line":23},"7":{"loc":{"start":{"line":23,"column":17},"end":{"line":23,"column":41}},"type":"binary-expr","locations":[{"start":{"line":23,"column":17},"end":{"line":23,"column":24}},{"start":{"line":23,"column":28},"end":{"line":23,"column":41}}],"line":23},"8":{"loc":{"start":{"line":25,"column":13},"end":{"line":30,"column":7}},"type":"if","locations":[{"start":{"line":25,"column":13},"end":{"line":30,"column":7}},{"start":{"line":25,"column":13},"end":{"line":30,"column":7}}],"line":25},"9":{"loc":{"start":{"line":25,"column":17},"end":{"line":25,"column":44}},"type":"binary-expr","locations":[{"start":{"line":25,"column":17},"end":{"line":25,"column":24}},{"start":{"line":25,"column":28},"end":{"line":25,"column":44}}],"line":25}},"s":{"0":1,"1":1,"2":1,"3":1,"4":6,"5":6,"6":3,"7":3,"8":6,"9":1,"10":6,"11":1,"12":6,"13":5,"14":1,"15":4,"16":1,"17":3,"18":1,"19":2,"20":1,"21":1,"22":3,"23":1,"24":1,"25":1},"f":{"0":6,"1":6,"2":5,"3":3,"4":1},"b":{"0":[3,3],"1":[1,5],"2":[1,5],"3":[1,4],"4":[1,3],"5":[4,4,2],"6":[1,2],"7":[3,3],"8":[1,1],"9":[2,2]},"_coverageSchema":"1a1c01bbd47fc00a2c39e90264f33305004495a9","hash":"275a2c01e16b6ba8971f97ba4a45cb9319eb5c2f"}
,"/home/laboratoria/Proyecto nuevo/LIM011-fe-md-links/src/index.js": {"path":"/home/laboratoria/Proyecto nuevo/LIM011-fe-md-links/src/index.js","statementMap":{"0":{"start":{"line":3,"column":13},"end":{"line":3,"column":28}},"1":{"start":{"line":4,"column":11},"end":{"line":4,"column":24}},"2":{"start":{"line":5,"column":15},"end":{"line":5,"column":32}},"3":{"start":{"line":8,"column":21},"end":{"line":8,"column":54}},"4":{"start":{"line":8,"column":32},"end":{"line":8,"column":54}},"5":{"start":{"line":10,"column":26},"end":{"line":10,"column":56}},"6":{"start":{"line":10,"column":37},"end":{"line":10,"column":56}},"7":{"start":{"line":12,"column":21},"end":{"line":16,"column":1}},"8":{"start":{"line":13,"column":15},"end":{"line":13,"column":34}},"9":{"start":{"line":14,"column":18},"end":{"line":14,"column":31}},"10":{"start":{"line":15,"column":2},"end":{"line":15,"column":17}},"11":{"start":{"line":19,"column":22},"end":{"line":31,"column":1}},"12":{"start":{"line":20,"column":20},"end":{"line":20,"column":22}},"13":{"start":{"line":21,"column":2},"end":{"line":29,"column":3}},"14":{"start":{"line":22,"column":4},"end":{"line":22,"column":28}},"15":{"start":{"line":24,"column":18},"end":{"line":24,"column":39}},"16":{"start":{"line":25,"column":4},"end":{"line":28,"column":7}},"17":{"start":{"line":26,"column":29},"end":{"line":26,"column":51}},"18":{"start":{"line":27,"column":6},"end":{"line":27,"column":70}},"19":{"start":{"line":30,"column":2},"end":{"line":30,"column":21}},"20":{"start":{"line":34,"column":17},"end":{"line":37,"column":1}},"21":{"start":{"line":35,"column":26},"end":{"line":35,"column":101}},"22":{"start":{"line":35,"column":68},"end":{"line":35,"column":99}},"23":{"start":{"line":36,"column":2},"end":{"line":36,"column":25}},"24":{"start":{"line":40,"column":20},"end":{"line":43,"column":1}},"25":{"start":{"line":41,"column":28},"end":{"line":41,"column":58}},"26":{"start":{"line":42,"column":2},"end":{"line":42,"column":27}},"27":{"start":{"line":48,"column":21},"end":{"line":67,"column":1}},"28":{"start":{"line":49,"column":24},"end":{"line":49,"column":44}},"29":{"start":{"line":50,"column":23},"end":{"line":50,"column":25}},"30":{"start":{"line":51,"column":17},"end":{"line":51,"column":38}},"31":{"start":{"line":52,"column":2},"end":{"line":65,"column":5}},"32":{"start":{"line":54,"column":17},"end":{"line":54,"column":35}},"33":{"start":{"line":55,"column":4},"end":{"line":61,"column":6}},"34":{"start":{"line":56,"column":6},"end":{"line":60,"column":9}},"35":{"start":{"line":62,"column":4},"end":{"line":64,"column":7}},"36":{"start":{"line":66,"column":2},"end":{"line":66,"column":22}},"37":{"start":{"line":71,"column":0},"end":{"line":79,"column":2}}},"fnMap":{"0":{"name":"(anonymous_0)","decl":{"start":{"line":8,"column":21},"end":{"line":8,"column":22}},"loc":{"start":{"line":8,"column":32},"end":{"line":8,"column":54}},"line":8},"1":{"name":"(anonymous_1)","decl":{"start":{"line":10,"column":26},"end":{"line":10,"column":27}},"loc":{"start":{"line":10,"column":37},"end":{"line":10,"column":56}},"line":10},"2":{"name":"(anonymous_2)","decl":{"start":{"line":12,"column":21},"end":{"line":12,"column":22}},"loc":{"start":{"line":12,"column":32},"end":{"line":16,"column":1}},"line":12},"3":{"name":"(anonymous_3)","decl":{"start":{"line":19,"column":22},"end":{"line":19,"column":23}},"loc":{"start":{"line":19,"column":33},"end":{"line":31,"column":1}},"line":19},"4":{"name":"(anonymous_4)","decl":{"start":{"line":25,"column":18},"end":{"line":25,"column":19}},"loc":{"start":{"line":25,"column":28},"end":{"line":28,"column":5}},"line":25},"5":{"name":"(anonymous_5)","decl":{"start":{"line":34,"column":17},"end":{"line":34,"column":18}},"loc":{"start":{"line":34,"column":28},"end":{"line":37,"column":1}},"line":34},"6":{"name":"(anonymous_6)","decl":{"start":{"line":35,"column":54},"end":{"line":35,"column":55}},"loc":{"start":{"line":35,"column":68},"end":{"line":35,"column":99}},"line":35},"7":{"name":"(anonymous_7)","decl":{"start":{"line":40,"column":20},"end":{"line":40,"column":21}},"loc":{"start":{"line":40,"column":31},"end":{"line":43,"column":1}},"line":40},"8":{"name":"(anonymous_8)","decl":{"start":{"line":48,"column":21},"end":{"line":48,"column":22}},"loc":{"start":{"line":48,"column":37},"end":{"line":67,"column":1}},"line":48},"9":{"name":"(anonymous_9)","decl":{"start":{"line":52,"column":24},"end":{"line":52,"column":25}},"loc":{"start":{"line":52,"column":35},"end":{"line":65,"column":3}},"line":52},"10":{"name":"(anonymous_10)","decl":{"start":{"line":55,"column":18},"end":{"line":55,"column":19}},"loc":{"start":{"line":55,"column":53},"end":{"line":61,"column":5}},"line":55}},"branchMap":{"0":{"loc":{"start":{"line":21,"column":2},"end":{"line":29,"column":3}},"type":"if","locations":[{"start":{"line":21,"column":2},"end":{"line":29,"column":3}},{"start":{"line":21,"column":2},"end":{"line":29,"column":3}}],"line":21}},"s":{"0":5,"1":5,"2":5,"3":5,"4":2,"5":5,"6":1,"7":5,"8":31,"9":31,"10":31,"11":5,"12":29,"13":29,"14":26,"15":3,"16":3,"17":12,"18":12,"19":29,"20":5,"21":16,"22":25,"23":16,"24":5,"25":15,"26":15,"27":5,"28":15,"29":15,"30":15,"31":15,"32":14,"33":14,"34":42,"35":14,"36":15,"37":5},"f":{"0":2,"1":1,"2":31,"3":29,"4":12,"5":16,"6":25,"7":15,"8":15,"9":14,"10":42},"b":{"0":[26,3]},"_coverageSchema":"1a1c01bbd47fc00a2c39e90264f33305004495a9","hash":"1b4a18d70e554ce8e1e4db4252f1d9adb8152dc8"}
,"/home/laboratoria/Proyecto nuevo/LIM011-fe-md-links/src/mdLinks.js": {"path":"/home/laboratoria/Proyecto nuevo/LIM011-fe-md-links/src/mdLinks.js","statementMap":{"0":{"start":{"line":1,"column":11},"end":{"line":1,"column":24}},"1":{"start":{"line":2,"column":13},"end":{"line":2,"column":28}},"2":{"start":{"line":3,"column":18},"end":{"line":3,"column":39}},"3":{"start":{"line":4,"column":25},"end":{"line":4,"column":49}},"4":{"start":{"line":7,"column":16},"end":{"line":21,"column":1}},"5":{"start":{"line":8,"column":2},"end":{"line":8,"column":23}},"6":{"start":{"line":9,"column":2},"end":{"line":20,"column":5}},"7":{"start":{"line":10,"column":4},"end":{"line":19,"column":5}},"8":{"start":{"line":11,"column":6},"end":{"line":13,"column":7}},"9":{"start":{"line":12,"column":8},"end":{"line":12,"column":54}},"10":{"start":{"line":13,"column":8},"end":{"line":15,"column":7}},"11":{"start":{"line":14,"column":8},"end":{"line":14,"column":47}},"12":{"start":{"line":17,"column":6},"end":{"line":17,"column":25}},"13":{"start":{"line":18,"column":6},"end":{"line":18,"column":75}},"14":{"start":{"line":28,"column":0},"end":{"line":28,"column":29}}},"fnMap":{"0":{"name":"(anonymous_0)","decl":{"start":{"line":7,"column":16},"end":{"line":7,"column":17}},"loc":{"start":{"line":7,"column":36},"end":{"line":21,"column":1}},"line":7},"1":{"name":"(anonymous_1)","decl":{"start":{"line":9,"column":21},"end":{"line":9,"column":22}},"loc":{"start":{"line":9,"column":42},"end":{"line":20,"column":3}},"line":9}},"branchMap":{"0":{"loc":{"start":{"line":10,"column":4},"end":{"line":19,"column":5}},"type":"if","locations":[{"start":{"line":10,"column":4},"end":{"line":19,"column":5}},{"start":{"line":10,"column":4},"end":{"line":19,"column":5}}],"line":10},"1":{"loc":{"start":{"line":11,"column":6},"end":{"line":13,"column":7}},"type":"if","locations":[{"start":{"line":11,"column":6},"end":{"line":13,"column":7}},{"start":{"line":11,"column":6},"end":{"line":13,"column":7}}],"line":11},"2":{"loc":{"start":{"line":13,"column":8},"end":{"line":15,"column":7}},"type":"if","locations":[{"start":{"line":13,"column":8},"end":{"line":15,"column":7}},{"start":{"line":13,"column":8},"end":{"line":15,"column":7}}],"line":13}},"s":{"0":2,"1":2,"2":2,"3":2,"4":2,"5":9,"6":9,"7":9,"8":7,"9":3,"10":7,"11":4,"12":2,"13":2,"14":2},"f":{"0":9,"1":9},"b":{"0":[7,2],"1":[3,4],"2":[4,3]},"_coverageSchema":"1a1c01bbd47fc00a2c39e90264f33305004495a9","hash":"bba395b2bdc1f4a2ff7072dae312db39a4f92e57"}
,"/home/laboratoria/Proyecto nuevo/LIM011-fe-md-links/src/stats.js": {"path":"/home/laboratoria/Proyecto nuevo/LIM011-fe-md-links/src/stats.js","statementMap":{"0":{"start":{"line":1,"column":13},"end":{"line":1,"column":28}},"1":{"start":{"line":2,"column":23},"end":{"line":2,"column":44}},"2":{"start":{"line":3,"column":26},"end":{"line":3,"column":47}},"3":{"start":{"line":5,"column":23},"end":{"line":11,"column":2}},"4":{"start":{"line":5,"column":34},"end":{"line":11,"column":2}},"5":{"start":{"line":6,"column":2},"end":{"line":10,"column":7}},"6":{"start":{"line":8,"column":23},"end":{"line":8,"column":151}},"7":{"start":{"line":8,"column":46},"end":{"line":8,"column":150}},"8":{"start":{"line":9,"column":6},"end":{"line":9,"column":35}},"9":{"start":{"line":16,"column":21},"end":{"line":19,"column":1}},"10":{"start":{"line":17,"column":27},"end":{"line":17,"column":73}},"11":{"start":{"line":17,"column":62},"end":{"line":17,"column":71}},"12":{"start":{"line":18,"column":2},"end":{"line":18,"column":31}},"13":{"start":{"line":25,"column":20},"end":{"line":28,"column":1}},"14":{"start":{"line":26,"column":27},"end":{"line":26,"column":91}},"15":{"start":{"line":26,"column":57},"end":{"line":26,"column":83}},"16":{"start":{"line":27,"column":2},"end":{"line":27,"column":26}},"17":{"start":{"line":30,"column":20},"end":{"line":33,"column":2}},"18":{"start":{"line":30,"column":31},"end":{"line":33,"column":2}},"19":{"start":{"line":31,"column":21},"end":{"line":31,"column":55}},"20":{"start":{"line":32,"column":2},"end":{"line":32,"column":78}},"21":{"start":{"line":36,"column":29},"end":{"line":41,"column":2}},"22":{"start":{"line":36,"column":40},"end":{"line":41,"column":2}},"23":{"start":{"line":37,"column":2},"end":{"line":40,"column":7}},"24":{"start":{"line":39,"column":6},"end":{"line":39,"column":103}},"25":{"start":{"line":43,"column":0},"end":{"line":50,"column":2}}},"fnMap":{"0":{"name":"(anonymous_0)","decl":{"start":{"line":5,"column":23},"end":{"line":5,"column":24}},"loc":{"start":{"line":5,"column":34},"end":{"line":11,"column":2}},"line":5},"1":{"name":"(anonymous_1)","decl":{"start":{"line":5,"column":46},"end":{"line":5,"column":47}},"loc":{"start":{"line":5,"column":59},"end":{"line":11,"column":1}},"line":5},"2":{"name":"(anonymous_2)","decl":{"start":{"line":7,"column":10},"end":{"line":7,"column":11}},"loc":{"start":{"line":7,"column":24},"end":{"line":10,"column":5}},"line":7},"3":{"name":"(anonymous_3)","decl":{"start":{"line":8,"column":36},"end":{"line":8,"column":37}},"loc":{"start":{"line":8,"column":46},"end":{"line":8,"column":150}},"line":8},"4":{"name":"(anonymous_4)","decl":{"start":{"line":16,"column":21},"end":{"line":16,"column":22}},"loc":{"start":{"line":16,"column":39},"end":{"line":19,"column":1}},"line":16},"5":{"name":"(anonymous_5)","decl":{"start":{"line":17,"column":52},"end":{"line":17,"column":53}},"loc":{"start":{"line":17,"column":62},"end":{"line":17,"column":71}},"line":17},"6":{"name":"(anonymous_6)","decl":{"start":{"line":25,"column":20},"end":{"line":25,"column":21}},"loc":{"start":{"line":25,"column":38},"end":{"line":28,"column":1}},"line":25},"7":{"name":"(anonymous_7)","decl":{"start":{"line":26,"column":47},"end":{"line":26,"column":48}},"loc":{"start":{"line":26,"column":57},"end":{"line":26,"column":83}},"line":26},"8":{"name":"(anonymous_8)","decl":{"start":{"line":30,"column":20},"end":{"line":30,"column":21}},"loc":{"start":{"line":30,"column":31},"end":{"line":33,"column":2}},"line":30},"9":{"name":"(anonymous_9)","decl":{"start":{"line":30,"column":43},"end":{"line":30,"column":44}},"loc":{"start":{"line":30,"column":56},"end":{"line":33,"column":1}},"line":30},"10":{"name":"(anonymous_10)","decl":{"start":{"line":36,"column":29},"end":{"line":36,"column":30}},"loc":{"start":{"line":36,"column":40},"end":{"line":41,"column":2}},"line":36},"11":{"name":"(anonymous_11)","decl":{"start":{"line":36,"column":52},"end":{"line":36,"column":53}},"loc":{"start":{"line":36,"column":65},"end":{"line":41,"column":1}},"line":36},"12":{"name":"(anonymous_12)","decl":{"start":{"line":38,"column":10},"end":{"line":38,"column":11}},"loc":{"start":{"line":38,"column":21},"end":{"line":40,"column":5}},"line":38}},"branchMap":{},"s":{"0":2,"1":2,"2":2,"3":2,"4":2,"5":2,"6":2,"7":6,"8":2,"9":2,"10":5,"11":15,"12":5,"13":2,"14":3,"15":9,"16":3,"17":2,"18":2,"19":2,"20":2,"21":2,"22":2,"23":2,"24":2,"25":2},"f":{"0":2,"1":2,"2":2,"3":6,"4":5,"5":15,"6":3,"7":9,"8":2,"9":2,"10":2,"11":2,"12":2},"b":{},"_coverageSchema":"1a1c01bbd47fc00a2c39e90264f33305004495a9","hash":"af44a8318cba21bb3ddf2122a285918aa331c85a"}
,"/home/laboratoria/Proyecto nuevo/LIM011-fe-md-links/src/validate.js": {"path":"/home/laboratoria/Proyecto nuevo/LIM011-fe-md-links/src/validate.js","statementMap":{"0":{"start":{"line":1,"column":14},"end":{"line":1,"column":35}},"1":{"start":{"line":2,"column":15},"end":{"line":2,"column":36}},"2":{"start":{"line":4,"column":21},"end":{"line":30,"column":1}},"3":{"start":{"line":5,"column":23},"end":{"line":5,"column":49}},"4":{"start":{"line":7,"column":24},"end":{"line":28,"column":8}},"5":{"start":{"line":7,"column":51},"end":{"line":28,"column":7}},"6":{"start":{"line":10,"column":6},"end":{"line":16,"column":7}},"7":{"start":{"line":11,"column":8},"end":{"line":15,"column":10}},"8":{"start":{"line":18,"column":6},"end":{"line":22,"column":8}},"9":{"start":{"line":24,"column":18},"end":{"line":28,"column":5}},"10":{"start":{"line":29,"column":2},"end":{"line":29,"column":36}},"11":{"start":{"line":35,"column":0},"end":{"line":37,"column":2}}},"fnMap":{"0":{"name":"(anonymous_0)","decl":{"start":{"line":4,"column":21},"end":{"line":4,"column":22}},"loc":{"start":{"line":4,"column":32},"end":{"line":30,"column":1}},"line":4},"1":{"name":"(anonymous_1)","decl":{"start":{"line":7,"column":41},"end":{"line":7,"column":42}},"loc":{"start":{"line":7,"column":51},"end":{"line":28,"column":7}},"line":7},"2":{"name":"(anonymous_2)","decl":{"start":{"line":8,"column":10},"end":{"line":8,"column":11}},"loc":{"start":{"line":8,"column":24},"end":{"line":23,"column":5}},"line":8},"3":{"name":"(anonymous_3)","decl":{"start":{"line":24,"column":11},"end":{"line":24,"column":12}},"loc":{"start":{"line":24,"column":18},"end":{"line":28,"column":5}},"line":24}},"branchMap":{"0":{"loc":{"start":{"line":10,"column":6},"end":{"line":16,"column":7}},"type":"if","locations":[{"start":{"line":10,"column":6},"end":{"line":16,"column":7}},{"start":{"line":10,"column":6},"end":{"line":16,"column":7}}],"line":10},"1":{"loc":{"start":{"line":10,"column":10},"end":{"line":10,"column":57}},"type":"binary-expr","locations":[{"start":{"line":10,"column":10},"end":{"line":10,"column":32}},{"start":{"line":10,"column":36},"end":{"line":10,"column":57}}],"line":10}},"s":{"0":4,"1":4,"2":4,"3":8,"4":8,"5":24,"6":16,"7":8,"8":8,"9":8,"10":8,"11":4},"f":{"0":8,"1":24,"2":16,"3":8},"b":{"0":[8,8],"1":[16,16]},"_coverageSchema":"1a1c01bbd47fc00a2c39e90264f33305004495a9","hash":"88a2a8f6f739052006abfbc00269f1330cd382fd"}
}
