TN:
SF:src/cliMdLinks.js
FN:9,(anonymous_0)
FN:9,(anonymous_1)
FN:18,(anonymous_2)
FN:28,(anonymous_3)
FN:31,(anonymous_4)
FNF:5
FNH:5
FNDA:6,(anonymous_0)
FNDA:6,(anonymous_1)
FNDA:5,(anonymous_2)
FNDA:3,(anonymous_3)
FNDA:1,(anonymous_4)
DA:1,1
DA:2,1
DA:3,1
DA:9,6
DA:11,6
DA:12,3
DA:13,3
DA:15,6
DA:16,6
DA:17,6
DA:19,5
DA:20,1
DA:21,4
DA:22,1
DA:23,3
DA:24,1
DA:25,2
DA:26,1
DA:28,3
DA:29,1
DA:32,1
DA:36,1
LF:22
LH:22
BRDA:11,0,0,3
BRDA:11,0,1,3
BRDA:15,1,0,1
BRDA:15,1,1,5
BRDA:16,2,0,1
BRDA:16,2,1,5
BRDA:19,3,0,1
BRDA:19,3,1,4
BRDA:21,4,0,1
BRDA:21,4,1,3
BRDA:21,5,0,4
BRDA:21,5,1,4
BRDA:21,5,2,2
BRDA:23,6,0,1
BRDA:23,6,1,2
BRDA:23,7,0,3
BRDA:23,7,1,3
BRDA:25,8,0,1
BRDA:25,8,1,1
BRDA:25,9,0,2
BRDA:25,9,1,2
BRF:21
BRH:21
end_of_record
TN:
SF:src/index.js
FN:8,(anonymous_0)
FN:10,(anonymous_1)
FN:12,(anonymous_2)
FN:19,(anonymous_3)
FN:25,(anonymous_4)
FN:34,(anonymous_5)
FN:35,(anonymous_6)
FN:40,(anonymous_7)
FN:48,(anonymous_8)
FN:52,(anonymous_9)
FN:55,(anonymous_10)
FNF:11
FNH:11
FNDA:2,(anonymous_0)
FNDA:1,(anonymous_1)
FNDA:31,(anonymous_2)
FNDA:29,(anonymous_3)
FNDA:12,(anonymous_4)
FNDA:16,(anonymous_5)
FNDA:25,(anonymous_6)
FNDA:15,(anonymous_7)
FNDA:15,(anonymous_8)
FNDA:14,(anonymous_9)
FNDA:42,(anonymous_10)
DA:3,5
DA:4,5
DA:5,5
DA:8,5
DA:10,5
DA:12,5
DA:13,31
DA:14,31
DA:15,31
DA:19,5
DA:20,29
DA:21,29
DA:22,26
DA:24,3
DA:25,3
DA:26,12
DA:27,12
DA:30,29
DA:34,5
DA:35,25
DA:36,16
DA:40,5
DA:41,15
DA:42,15
DA:48,5
DA:49,15
DA:50,15
DA:51,15
DA:52,15
DA:54,14
DA:55,14
DA:56,42
DA:62,14
DA:66,15
DA:71,5
LF:35
LH:35
BRDA:21,0,0,26
BRDA:21,0,1,3
BRF:2
BRH:2
end_of_record
TN:
SF:src/mdLinks.js
FN:7,(anonymous_0)
FN:9,(anonymous_1)
FNF:2
FNH:2
FNDA:9,(anonymous_0)
FNDA:9,(anonymous_1)
DA:1,2
DA:2,2
DA:3,2
DA:4,2
DA:7,2
DA:8,9
DA:9,9
DA:10,9
DA:11,7
DA:12,3
DA:13,7
DA:14,4
DA:17,2
DA:18,2
DA:28,2
LF:15
LH:15
BRDA:10,0,0,7
BRDA:10,0,1,2
BRDA:11,1,0,3
BRDA:11,1,1,4
BRDA:13,2,0,4
BRDA:13,2,1,3
BRF:6
BRH:6
end_of_record
TN:
SF:src/stats.js
FN:5,(anonymous_0)
FN:5,(anonymous_1)
FN:7,(anonymous_2)
FN:8,(anonymous_3)
FN:16,(anonymous_4)
FN:17,(anonymous_5)
FN:25,(anonymous_6)
FN:26,(anonymous_7)
FN:30,(anonymous_8)
FN:30,(anonymous_9)
FN:36,(anonymous_10)
FN:36,(anonymous_11)
FN:38,(anonymous_12)
FNF:13
FNH:13
FNDA:2,(anonymous_0)
FNDA:2,(anonymous_1)
FNDA:2,(anonymous_2)
FNDA:6,(anonymous_3)
FNDA:5,(anonymous_4)
FNDA:15,(anonymous_5)
FNDA:3,(anonymous_6)
FNDA:9,(anonymous_7)
FNDA:2,(anonymous_8)
FNDA:2,(anonymous_9)
FNDA:2,(anonymous_10)
FNDA:2,(anonymous_11)
FNDA:2,(anonymous_12)
DA:1,2
DA:2,2
DA:3,2
DA:5,2
DA:6,2
DA:8,6
DA:9,2
DA:16,2
DA:17,15
DA:18,5
DA:25,2
DA:26,9
DA:27,3
DA:30,2
DA:31,2
DA:32,2
DA:36,2
DA:37,2
DA:39,2
DA:43,2
LF:20
LH:20
BRF:0
BRH:0
end_of_record
TN:
SF:src/validate.js
FN:4,(anonymous_0)
FN:7,(anonymous_1)
FN:8,(anonymous_2)
FN:24,(anonymous_3)
FNF:4
FNH:4
FNDA:8,(anonymous_0)
FNDA:24,(anonymous_1)
FNDA:16,(anonymous_2)
FNDA:8,(anonymous_3)
DA:1,4
DA:2,4
DA:4,4
DA:5,8
DA:7,24
DA:10,16
DA:11,8
DA:18,8
DA:24,8
DA:29,8
DA:35,4
LF:11
LH:11
BRDA:10,0,0,8
BRDA:10,0,1,8
BRDA:10,1,0,16
BRDA:10,1,1,16
BRF:4
BRH:4
end_of_record
