TN:
SF:src/index.js
FN:8,(anonymous_0)
FN:10,(anonymous_1)
FN:12,(anonymous_2)
FN:19,(anonymous_3)
FN:25,(anonymous_4)
FN:34,(anonymous_5)
FN:35,(anonymous_6)
FN:40,(anonymous_7)
FN:48,(anonymous_8)
FN:52,(anonymous_9)
FN:55,(anonymous_10)
FNF:11
FNH:11
FNDA:2,(anonymous_0)
FNDA:1,(anonymous_1)
FNDA:10,(anonymous_2)
FNDA:8,(anonymous_3)
FNDA:5,(anonymous_4)
FNDA:2,(anonymous_5)
FNDA:5,(anonymous_6)
FNDA:2,(anonymous_7)
FNDA:1,(anonymous_8)
FNDA:1,(anonymous_9)
FNDA:2,(anonymous_10)
DA:3,1
DA:4,1
DA:5,1
DA:8,2
DA:10,1
DA:12,1
DA:13,10
DA:14,10
DA:15,10
DA:19,1
DA:20,8
DA:21,8
DA:22,6
DA:24,2
DA:25,2
DA:26,5
DA:27,5
DA:30,8
DA:34,1
DA:35,5
DA:36,2
DA:40,1
DA:41,2
DA:42,2
DA:48,1
DA:49,1
DA:50,1
DA:51,1
DA:52,1
DA:54,1
DA:55,1
DA:56,2
DA:62,1
DA:66,1
DA:116,1
LF:35
LH:35
BRDA:21,0,0,6
BRDA:21,0,1,2
BRF:2
BRH:2
end_of_record
